<?xml version="1.0" encoding="UTF-8"?>
<!-- Generated by org.testng.reporters.JUnitReportReporter -->
<testsuite hostname="sandeep" failures="0" tests="1" name="ObjectLocation.ObjectLocation" time="3.948" errors="0" timestamp="2023-12-19T20:52:00 IST" skipped="0">
  <testcase classname="ObjectLocation.ObjectLocation" name="objectLocation" time="3.948"/>
</testsuite> <!-- ObjectLocation.ObjectLocation -->
