<?xml version="1.0" encoding="UTF-8"?>
<!-- Generated by org.testng.reporters.JUnitReportReporter -->
<testsuite hostname="sandeep" failures="0" tests="2" name="NewTabandWindow.NewTab" time="19.369" errors="0" timestamp="2023-12-19T16:36:32 IST" skipped="0">
  <testcase classname="NewTabandWindow.NewTab" name="newTab" time="11.621"/>
  <testcase classname="NewTabandWindow.NewTab" name="newWindow" time="7.748"/>
</testsuite> <!-- NewTabandWindow.NewTab -->
