<?xml version="1.0" encoding="UTF-8"?>
<!-- Generated by org.testng.reporters.JUnitReportReporter -->
<testsuite hostname="sandeep" failures="0" tests="4" name="Screenshot.ScreenShot" time="16.377" errors="0" timestamp="2023-12-19T16:21:10 IST" skipped="0">
  <testcase classname="Screenshot.ScreenShot" name="normalScreenShot" time="5.524"/>
  <testcase classname="Screenshot.ScreenShot" name="logoScreenShot" time="3.254"/>
  <testcase classname="Screenshot.ScreenShot" name="sessionScreenShot" time="3.889"/>
  <testcase classname="Screenshot.ScreenShot" name="webElementScreenShot" time="3.710"/>
</testsuite> <!-- Screenshot.ScreenShot -->
